<testsuites id="" name="" tests="290" failures="290" skipped="0" errors="0" time="1725.473876">
<testsuite name="login-biometric.spec.ts" timestamp="2025-07-14T13:04:14.079Z" hostname="chromium" tests="7" failures="7" skipped="0" time="192.002" errors="0">
<testcase name="Login and Biometric Authentication › @login Successful login with valid credentials" classname="login-biometric.spec.ts" time="31.113">
<failure message="login-biometric.spec.ts:8:7 @login Successful login with valid credentials" type="FAILURE">
<![CDATA[  [chromium] › login-biometric.spec.ts:8:7 › Login and Biometric Authentication › @login Successful login with valid credentials 

    Test timeout of 30000ms exceeded.

    Error: page.fill: Test timeout of 30000ms exceeded.
    Call log:
      - waiting for locator('input[placeholder*="email"]')


       8 |   test('@login Successful login with valid credentials', async ({ page }) => {
       9 |     // Fill login form
    > 10 |     await page.fill('input[placeholder*="email"]', 'test@example.com');
         |                ^
      11 |     await page.fill('input[placeholder*="password"]', 'password123');
      12 |     
      13 |     // Submit login
        at /Users/gailad/Documents/Dev Projects/PacheduConnect/tests/e2e/login-biometric.spec.ts:10:16

    attachment #1: screenshot (image/png) ──────────────────────────────────────────────────────────
    ../../test-results/login-biometric-Login-and--c5ada-ogin-with-valid-credentials-chromium/test-failed-1.png
    ────────────────────────────────────────────────────────────────────────────────────────────────

    attachment #2: video (video/webm) ──────────────────────────────────────────────────────────────
    ../../test-results/login-biometric-Login-and--c5ada-ogin-with-valid-credentials-chromium/video.webm
    ────────────────────────────────────────────────────────────────────────────────────────────────

    Error Context: ../../test-results/login-biometric-Login-and--c5ada-ogin-with-valid-credentials-chromium/error-context.md
]]>
</failure>
<system-out>
<![CDATA[
[[ATTACHMENT|login-biometric-Login-and--c5ada-ogin-with-valid-credentials-chromium/test-failed-1.png]]

[[ATTACHMENT|login-biometric-Login-and--c5ada-ogin-with-valid-credentials-chromium/video.webm]]

[[ATTACHMENT|login-biometric-Login-and--c5ada-ogin-with-valid-credentials-chromium/error-context.md]]
]]>
</system-out>
</testcase>
<testcase name="Login and Biometric Authentication › @login Login validation errors" classname="login-biometric.spec.ts" time="31.221">
<failure message="login-biometric.spec.ts:24:7 @login Login validation errors" type="FAILURE">
<![CDATA[  [chromium] › login-biometric.spec.ts:24:7 › Login and Biometric Authentication › @login Login validation errors 

    Test timeout of 30000ms exceeded.

    Error: page.click: Test timeout of 30000ms exceeded.
    Call log:
      - waiting for locator('button[type="submit"]')


      24 |   test('@login Login validation errors', async ({ page }) => {
      25 |     // Test empty form
    > 26 |     await page.click('button[type="submit"]');
         |                ^
      27 |     await expect(page.locator('text=required')).toBeVisible();
      28 |     
      29 |     // Test invalid credentials
        at /Users/gailad/Documents/Dev Projects/PacheduConnect/tests/e2e/login-biometric.spec.ts:26:16

    attachment #1: screenshot (image/png) ──────────────────────────────────────────────────────────
    ../../test-results/login-biometric-Login-and--733f4-gin-Login-validation-errors-chromium/test-failed-1.png
    ────────────────────────────────────────────────────────────────────────────────────────────────

    attachment #2: video (video/webm) ──────────────────────────────────────────────────────────────
    ../../test-results/login-biometric-Login-and--733f4-gin-Login-validation-errors-chromium/video.webm
    ────────────────────────────────────────────────────────────────────────────────────────────────

    Error Context: ../../test-results/login-biometric-Login-and--733f4-gin-Login-validation-errors-chromium/error-context.md
]]>
</failure>
<system-out>
<![CDATA[
[[ATTACHMENT|login-biometric-Login-and--733f4-gin-Login-validation-errors-chromium/test-failed-1.png]]

[[ATTACHMENT|login-biometric-Login-and--733f4-gin-Login-validation-errors-chromium/video.webm]]

[[ATTACHMENT|login-biometric-Login-and--733f4-gin-Login-validation-errors-chromium/error-context.md]]
]]>
</system-out>
</testcase>
<testcase name="Login and Biometric Authentication › @login Password reset flow" classname="login-biometric.spec.ts" time="31.007">
<failure message="login-biometric.spec.ts:37:7 @login Password reset flow" type="FAILURE">
<![CDATA[  [chromium] › login-biometric.spec.ts:37:7 › Login and Biometric Authentication › @login Password reset flow 

    Test timeout of 30000ms exceeded.

    Error: page.fill: Test timeout of 30000ms exceeded.
    Call log:
      - waiting for locator('input[placeholder*="email"]')


      40 |     
      41 |     // Fill email for password reset
    > 42 |     await page.fill('input[placeholder*="email"]', 'test@example.com');
         |                ^
      43 |     await page.click('button[type="submit"]');
      44 |     
      45 |     // Verify OTP sent message
        at /Users/gailad/Documents/Dev Projects/PacheduConnect/tests/e2e/login-biometric.spec.ts:42:16

    attachment #1: screenshot (image/png) ──────────────────────────────────────────────────────────
    ../../test-results/login-biometric-Login-and--1e0bb-n-login-Password-reset-flow-chromium/test-failed-1.png
    ────────────────────────────────────────────────────────────────────────────────────────────────

    attachment #2: video (video/webm) ──────────────────────────────────────────────────────────────
    ../../test-results/login-biometric-Login-and--1e0bb-n-login-Password-reset-flow-chromium/video.webm
    ────────────────────────────────────────────────────────────────────────────────────────────────

    Error Context: ../../test-results/login-biometric-Login-and--1e0bb-n-login-Password-reset-flow-chromium/error-context.md
]]>
</failure>
<system-out>
<![CDATA[
[[ATTACHMENT|login-biometric-Login-and--1e0bb-n-login-Password-reset-flow-chromium/test-failed-1.png]]

[[ATTACHMENT|login-biometric-Login-and--1e0bb-n-login-Password-reset-flow-chromium/video.webm]]

[[ATTACHMENT|login-biometric-Login-and--1e0bb-n-login-Password-reset-flow-chromium/error-context.md]]
]]>
</system-out>
</testcase>
<testcase name="Login and Biometric Authentication › @login Biometric authentication prompt" classname="login-biometric.spec.ts" time="31.101">
<failure message="login-biometric.spec.ts:58:7 @login Biometric authentication prompt" type="FAILURE">
<![CDATA[  [chromium] › login-biometric.spec.ts:58:7 › Login and Biometric Authentication › @login Biometric authentication prompt 

    Test timeout of 30000ms exceeded.

    Error: page.fill: Test timeout of 30000ms exceeded.
    Call log:
      - waiting for locator('input[placeholder*="email"]')


      68 |     
      69 |     // Login first
    > 70 |     await page.fill('input[placeholder*="email"]', 'test@example.com');
         |                ^
      71 |     await page.fill('input[placeholder*="password"]', 'password123');
      72 |     await page.click('button[type="submit"]');
      73 |     
        at /Users/gailad/Documents/Dev Projects/PacheduConnect/tests/e2e/login-biometric.spec.ts:70:16

    attachment #1: screenshot (image/png) ──────────────────────────────────────────────────────────
    ../../test-results/login-biometric-Login-and--67027-etric-authentication-prompt-chromium/test-failed-1.png
    ────────────────────────────────────────────────────────────────────────────────────────────────

    attachment #2: video (video/webm) ──────────────────────────────────────────────────────────────
    ../../test-results/login-biometric-Login-and--67027-etric-authentication-prompt-chromium/video.webm
    ────────────────────────────────────────────────────────────────────────────────────────────────

    Error Context: ../../test-results/login-biometric-Login-and--67027-etric-authentication-prompt-chromium/error-context.md
]]>
</failure>
<system-out>
<![CDATA[
[[ATTACHMENT|login-biometric-Login-and--67027-etric-authentication-prompt-chromium/test-failed-1.png]]

[[ATTACHMENT|login-biometric-Login-and--67027-etric-authentication-prompt-chromium/video.webm]]

[[ATTACHMENT|login-biometric-Login-and--67027-etric-authentication-prompt-chromium/error-context.md]]
]]>
</system-out>
</testcase>
<testcase name="Login and Biometric Authentication › @login Biometric login flow" classname="login-biometric.spec.ts" time="6.067">
<failure message="login-biometric.spec.ts:91:7 @login Biometric login flow" type="FAILURE">
<![CDATA[  [chromium] › login-biometric.spec.ts:91:7 › Login and Biometric Authentication › @login Biometric login flow 

    Error: Timed out 5000ms waiting for expect(locator).toBeVisible()

    Locator: locator('text=Login with biometrics')
    Expected: visible
    Received: <element(s) not found>
    Call log:
      - Expect "toBeVisible" with timeout 5000ms
      - waiting for locator('text=Login with biometrics')


      104 |     
      105 |     // Should show biometric login option
    > 106 |     await expect(page.locator('text=Login with biometrics')).toBeVisible();
          |                                                              ^
      107 |     
      108 |     // Click biometric login
      109 |     await page.click('button:has-text("Login with biometrics")');
        at /Users/gailad/Documents/Dev Projects/PacheduConnect/tests/e2e/login-biometric.spec.ts:106:62

    attachment #1: screenshot (image/png) ──────────────────────────────────────────────────────────
    ../../test-results/login-biometric-Login-and--80bd0--login-Biometric-login-flow-chromium/test-failed-1.png
    ────────────────────────────────────────────────────────────────────────────────────────────────

    attachment #2: video (video/webm) ──────────────────────────────────────────────────────────────
    ../../test-results/login-biometric-Login-and--80bd0--login-Biometric-login-flow-chromium/video.webm
    ────────────────────────────────────────────────────────────────────────────────────────────────

    Error Context: ../../test-results/login-biometric-Login-and--80bd0--login-Biometric-login-flow-chromium/error-context.md
]]>
</failure>
<system-out>
<![CDATA[
[[ATTACHMENT|login-biometric-Login-and--80bd0--login-Biometric-login-flow-chromium/test-failed-1.png]]

[[ATTACHMENT|login-biometric-Login-and--80bd0--login-Biometric-login-flow-chromium/video.webm]]

[[ATTACHMENT|login-biometric-Login-and--80bd0--login-Biometric-login-flow-chromium/error-context.md]]
]]>
</system-out>
</testcase>
<testcase name="Login and Biometric Authentication › @login Session management" classname="login-biometric.spec.ts" time="30.74">
<failure message="login-biometric.spec.ts:122:7 @login Session management" type="FAILURE">
<![CDATA[  [chromium] › login-biometric.spec.ts:122:7 › Login and Biometric Authentication › @login Session management 

    Test timeout of 30000ms exceeded.

    Error: page.fill: Test timeout of 30000ms exceeded.
    Call log:
      - waiting for locator('input[placeholder*="email"]')


      122 |   test('@login Session management', async ({ page }) => {
      123 |     // Login first
    > 124 |     await page.fill('input[placeholder*="email"]', 'test@example.com');
          |                ^
      125 |     await page.fill('input[placeholder*="password"]', 'password123');
      126 |     await page.click('button[type="submit"]');
      127 |     
        at /Users/gailad/Documents/Dev Projects/PacheduConnect/tests/e2e/login-biometric.spec.ts:124:16

    attachment #1: screenshot (image/png) ──────────────────────────────────────────────────────────
    ../../test-results/login-biometric-Login-and--cc850-on-login-Session-management-chromium/test-failed-1.png
    ────────────────────────────────────────────────────────────────────────────────────────────────

    attachment #2: video (video/webm) ──────────────────────────────────────────────────────────────
    ../../test-results/login-biometric-Login-and--cc850-on-login-Session-management-chromium/video.webm
    ────────────────────────────────────────────────────────────────────────────────────────────────

    Error Context: ../../test-results/login-biometric-Login-and--cc850-on-login-Session-management-chromium/error-context.md
]]>
</failure>
<system-out>
<![CDATA[
[[ATTACHMENT|login-biometric-Login-and--cc850-on-login-Session-management-chromium/test-failed-1.png]]

[[ATTACHMENT|login-biometric-Login-and--cc850-on-login-Session-management-chromium/video.webm]]

[[ATTACHMENT|login-biometric-Login-and--cc850-on-login-Session-management-chromium/error-context.md]]
]]>
</system-out>
</testcase>
<testcase name="Login and Biometric Authentication › @login Offline login handling" classname="login-biometric.spec.ts" time="30.753">
<failure message="login-biometric.spec.ts:145:7 @login Offline login handling" type="FAILURE">
<![CDATA[  [chromium] › login-biometric.spec.ts:145:7 › Login and Biometric Authentication › @login Offline login handling 

    Test timeout of 30000ms exceeded.

    Error: page.fill: Test timeout of 30000ms exceeded.
    Call log:
      - waiting for locator('input[placeholder*="email"]')


      148 |     
      149 |     // Try to login
    > 150 |     await page.fill('input[placeholder*="email"]', 'test@example.com');
          |                ^
      151 |     await page.fill('input[placeholder*="password"]', 'password123');
      152 |     await page.click('button[type="submit"]');
      153 |     
        at /Users/gailad/Documents/Dev Projects/PacheduConnect/tests/e2e/login-biometric.spec.ts:150:16

    attachment #1: screenshot (image/png) ──────────────────────────────────────────────────────────
    ../../test-results/login-biometric-Login-and--3bab3-ogin-Offline-login-handling-chromium/test-failed-1.png
    ────────────────────────────────────────────────────────────────────────────────────────────────

    attachment #2: video (video/webm) ──────────────────────────────────────────────────────────────
    ../../test-results/login-biometric-Login-and--3bab3-ogin-Offline-login-handling-chromium/video.webm
    ────────────────────────────────────────────────────────────────────────────────────────────────

    Error Context: ../../test-results/login-biometric-Login-and--3bab3-ogin-Offline-login-handling-chromium/error-context.md
]]>
</failure>
<system-out>
<![CDATA[
[[ATTACHMENT|login-biometric-Login-and--3bab3-ogin-Offline-login-handling-chromium/test-failed-1.png]]

[[ATTACHMENT|login-biometric-Login-and--3bab3-ogin-Offline-login-handling-chromium/video.webm]]

[[ATTACHMENT|login-biometric-Login-and--3bab3-ogin-Offline-login-handling-chromium/error-context.md]]
]]>
</system-out>
</testcase>
</testsuite>
<testsuite name="registration-kyc.spec.ts" timestamp="2025-07-14T13:04:14.079Z" hostname="chromium" tests="4" failures="4" skipped="0" time="22.434" errors="0">
<testcase name="Registration &amp; KYC Flow › @registration Complete registration and KYC flow" classname="registration-kyc.spec.ts" time="5.65">
<failure message="registration-kyc.spec.ts:10:7 @registration Complete registration and KYC flow" type="FAILURE">
<![CDATA[  [chromium] › registration-kyc.spec.ts:10:7 › Registration & KYC Flow › @registration Complete registration and KYC flow 

    Error: Timed out 5000ms waiting for expect(page).toHaveTitle(expected)

    Expected pattern: /PacheduConnect/
    Received string:  "Pachedu - Send Money to Zimbabwe from South Africa"
    Call log:
      - Expect "toHaveTitle" with timeout 5000ms
        9 × unexpected value "Pachedu - Send Money to Zimbabwe from South Africa"


       5 |     // Navigate to homepage
       6 |     await page.goto('/');
    >  7 |     await expect(page).toHaveTitle(/PacheduConnect/);
         |                        ^
       8 |   });
       9 |
      10 |   test('@registration Complete registration and KYC flow', async ({ page }) => {
        at /Users/gailad/Documents/Dev Projects/PacheduConnect/tests/e2e/registration-kyc.spec.ts:7:24

    attachment #1: screenshot (image/png) ──────────────────────────────────────────────────────────
    ../../test-results/registration-kyc-Registrat-1593a-e-registration-and-KYC-flow-chromium/test-failed-1.png
    ────────────────────────────────────────────────────────────────────────────────────────────────

    attachment #2: video (video/webm) ──────────────────────────────────────────────────────────────
    ../../test-results/registration-kyc-Registrat-1593a-e-registration-and-KYC-flow-chromium/video.webm
    ────────────────────────────────────────────────────────────────────────────────────────────────

    Error Context: ../../test-results/registration-kyc-Registrat-1593a-e-registration-and-KYC-flow-chromium/error-context.md
]]>
</failure>
<system-out>
<![CDATA[
[[ATTACHMENT|registration-kyc-Registrat-1593a-e-registration-and-KYC-flow-chromium/test-failed-1.png]]

[[ATTACHMENT|registration-kyc-Registrat-1593a-e-registration-and-KYC-flow-chromium/video.webm]]

[[ATTACHMENT|registration-kyc-Registrat-1593a-e-registration-and-KYC-flow-chromium/error-context.md]]
]]>
</system-out>
</testcase>
<testcase name="Registration &amp; KYC Flow › @registration Registration form validation" classname="registration-kyc.spec.ts" time="5.628">
<failure message="registration-kyc.spec.ts:73:7 @registration Registration form validation" type="FAILURE">
<![CDATA[  [chromium] › registration-kyc.spec.ts:73:7 › Registration & KYC Flow › @registration Registration form validation 

    Error: Timed out 5000ms waiting for expect(page).toHaveTitle(expected)

    Expected pattern: /PacheduConnect/
    Received string:  "Pachedu - Send Money to Zimbabwe from South Africa"
    Call log:
      - Expect "toHaveTitle" with timeout 5000ms
        9 × unexpected value "Pachedu - Send Money to Zimbabwe from South Africa"


       5 |     // Navigate to homepage
       6 |     await page.goto('/');
    >  7 |     await expect(page).toHaveTitle(/PacheduConnect/);
         |                        ^
       8 |   });
       9 |
      10 |   test('@registration Complete registration and KYC flow', async ({ page }) => {
        at /Users/gailad/Documents/Dev Projects/PacheduConnect/tests/e2e/registration-kyc.spec.ts:7:24

    attachment #1: screenshot (image/png) ──────────────────────────────────────────────────────────
    ../../test-results/registration-kyc-Registrat-ded3a-egistration-form-validation-chromium/test-failed-1.png
    ────────────────────────────────────────────────────────────────────────────────────────────────

    attachment #2: video (video/webm) ──────────────────────────────────────────────────────────────
    ../../test-results/registration-kyc-Registrat-ded3a-egistration-form-validation-chromium/video.webm
    ────────────────────────────────────────────────────────────────────────────────────────────────

    Error Context: ../../test-results/registration-kyc-Registrat-ded3a-egistration-form-validation-chromium/error-context.md
]]>
</failure>
<system-out>
<![CDATA[
[[ATTACHMENT|registration-kyc-Registrat-ded3a-egistration-form-validation-chromium/test-failed-1.png]]

[[ATTACHMENT|registration-kyc-Registrat-ded3a-egistration-form-validation-chromium/video.webm]]

[[ATTACHMENT|registration-kyc-Registrat-ded3a-egistration-form-validation-chromium/error-context.md]]
]]>
</system-out>
</testcase>
<testcase name="Registration &amp; KYC Flow › @registration KYC document upload validation" classname="registration-kyc.spec.ts" time="5.621">
<failure message="registration-kyc.spec.ts:96:7 @registration KYC document upload validation" type="FAILURE">
<![CDATA[  [chromium] › registration-kyc.spec.ts:96:7 › Registration & KYC Flow › @registration KYC document upload validation 

    Error: Timed out 5000ms waiting for expect(page).toHaveTitle(expected)

    Expected pattern: /PacheduConnect/
    Received string:  "Pachedu - Send Money to Zimbabwe from South Africa"
    Call log:
      - Expect "toHaveTitle" with timeout 5000ms
        9 × unexpected value "Pachedu - Send Money to Zimbabwe from South Africa"


       5 |     // Navigate to homepage
       6 |     await page.goto('/');
    >  7 |     await expect(page).toHaveTitle(/PacheduConnect/);
         |                        ^
       8 |   });
       9 |
      10 |   test('@registration Complete registration and KYC flow', async ({ page }) => {
        at /Users/gailad/Documents/Dev Projects/PacheduConnect/tests/e2e/registration-kyc.spec.ts:7:24

    attachment #1: screenshot (image/png) ──────────────────────────────────────────────────────────
    ../../test-results/registration-kyc-Registrat-31361--document-upload-validation-chromium/test-failed-1.png
    ────────────────────────────────────────────────────────────────────────────────────────────────

    attachment #2: video (video/webm) ──────────────────────────────────────────────────────────────
    ../../test-results/registration-kyc-Registrat-31361--document-upload-validation-chromium/video.webm
    ────────────────────────────────────────────────────────────────────────────────────────────────

    Error Context: ../../test-results/registration-kyc-Registrat-31361--document-upload-validation-chromium/error-context.md
]]>
</failure>
<system-out>
<![CDATA[
[[ATTACHMENT|registration-kyc-Registrat-31361--document-upload-validation-chromium/test-failed-1.png]]

[[ATTACHMENT|registration-kyc-Registrat-31361--document-upload-validation-chromium/video.webm]]

[[ATTACHMENT|registration-kyc-Registrat-31361--document-upload-validation-chromium/error-context.md]]
]]>
</system-out>
</testcase>
<testcase name="Registration &amp; KYC Flow › @registration Real-time KYC feedback" classname="registration-kyc.spec.ts" time="5.535">
<failure message="registration-kyc.spec.ts:119:7 @registration Real-time KYC feedback" type="FAILURE">
<![CDATA[  [chromium] › registration-kyc.spec.ts:119:7 › Registration & KYC Flow › @registration Real-time KYC feedback 

    Error: Timed out 5000ms waiting for expect(page).toHaveTitle(expected)

    Expected pattern: /PacheduConnect/
    Received string:  "Pachedu - Send Money to Zimbabwe from South Africa"
    Call log:
      - Expect "toHaveTitle" with timeout 5000ms
        9 × unexpected value "Pachedu - Send Money to Zimbabwe from South Africa"


       5 |     // Navigate to homepage
       6 |     await page.goto('/');
    >  7 |     await expect(page).toHaveTitle(/PacheduConnect/);
         |                        ^
       8 |   });
       9 |
      10 |   test('@registration Complete registration and KYC flow', async ({ page }) => {
        at /Users/gailad/Documents/Dev Projects/PacheduConnect/tests/e2e/registration-kyc.spec.ts:7:24

    attachment #1: screenshot (image/png) ──────────────────────────────────────────────────────────
    ../../test-results/registration-kyc-Registrat-46006-tion-Real-time-KYC-feedback-chromium/test-failed-1.png
    ────────────────────────────────────────────────────────────────────────────────────────────────

    attachment #2: video (video/webm) ──────────────────────────────────────────────────────────────
    ../../test-results/registration-kyc-Registrat-46006-tion-Real-time-KYC-feedback-chromium/video.webm
    ────────────────────────────────────────────────────────────────────────────────────────────────

    Error Context: ../../test-results/registration-kyc-Registrat-46006-tion-Real-time-KYC-feedback-chromium/error-context.md
]]>
</failure>
<system-out>
<![CDATA[
[[ATTACHMENT|registration-kyc-Registrat-46006-tion-Real-time-KYC-feedback-chromium/test-failed-1.png]]

[[ATTACHMENT|registration-kyc-Registrat-46006-tion-Real-time-KYC-feedback-chromium/video.webm]]

[[ATTACHMENT|registration-kyc-Registrat-46006-tion-Real-time-KYC-feedback-chromium/error-context.md]]
]]>
</system-out>
</testcase>
</testsuite>
<testsuite name="send-money.spec.ts" timestamp="2025-07-14T13:04:14.079Z" hostname="chromium" tests="6" failures="6" skipped="0" time="184.568" errors="0">
<testcase name="Send Money Journey › @send Complete send money flow" classname="send-money.spec.ts" time="30.777">
<failure message="send-money.spec.ts:13:7 @send Complete send money flow" type="FAILURE">
<![CDATA[  [chromium] › send-money.spec.ts:13:7 › Send Money Journey › @send Complete send money flow ───────

    Test timeout of 30000ms exceeded while running "beforeEach" hook.

      2 |
      3 | test.describe('Send Money Journey', () => {
    > 4 |   test.beforeEach(async ({ page }) => {
        |        ^
      5 |     // Login first
      6 |     await page.goto('/auth');
      7 |     await page.fill('input[placeholder*="email"]', 'test@example.com');
        at /Users/gailad/Documents/Dev Projects/PacheduConnect/tests/e2e/send-money.spec.ts:4:8

    Error: page.fill: Test timeout of 30000ms exceeded.
    Call log:
      - waiting for locator('input[placeholder*="email"]')


       5 |     // Login first
       6 |     await page.goto('/auth');
    >  7 |     await page.fill('input[placeholder*="email"]', 'test@example.com');
         |                ^
       8 |     await page.fill('input[placeholder*="password"]', 'password123');
       9 |     await page.click('button[type="submit"]');
      10 |     await expect(page).toHaveURL(/.*dashboard/);
        at /Users/gailad/Documents/Dev Projects/PacheduConnect/tests/e2e/send-money.spec.ts:7:16

    attachment #1: screenshot (image/png) ──────────────────────────────────────────────────────────
    ../../test-results/send-money-Send-Money-Journey-send-Complete-send-money-flow-chromium/test-failed-1.png
    ────────────────────────────────────────────────────────────────────────────────────────────────

    attachment #2: video (video/webm) ──────────────────────────────────────────────────────────────
    ../../test-results/send-money-Send-Money-Journey-send-Complete-send-money-flow-chromium/video.webm
    ────────────────────────────────────────────────────────────────────────────────────────────────

    Error Context: ../../test-results/send-money-Send-Money-Journey-send-Complete-send-money-flow-chromium/error-context.md
]]>
</failure>
<system-out>
<![CDATA[
[[ATTACHMENT|send-money-Send-Money-Journey-send-Complete-send-money-flow-chromium/test-failed-1.png]]

[[ATTACHMENT|send-money-Send-Money-Journey-send-Complete-send-money-flow-chromium/video.webm]]

[[ATTACHMENT|send-money-Send-Money-Journey-send-Complete-send-money-flow-chromium/error-context.md]]
]]>
</system-out>
</testcase>
<testcase name="Send Money Journey › @send Currency converter validation" classname="send-money.spec.ts" time="30.746">
<failure message="send-money.spec.ts:82:7 @send Currency converter validation" type="FAILURE">
<![CDATA[  [chromium] › send-money.spec.ts:82:7 › Send Money Journey › @send Currency converter validation ──

    Test timeout of 30000ms exceeded while running "beforeEach" hook.

      2 |
      3 | test.describe('Send Money Journey', () => {
    > 4 |   test.beforeEach(async ({ page }) => {
        |        ^
      5 |     // Login first
      6 |     await page.goto('/auth');
      7 |     await page.fill('input[placeholder*="email"]', 'test@example.com');
        at /Users/gailad/Documents/Dev Projects/PacheduConnect/tests/e2e/send-money.spec.ts:4:8

    Error: page.fill: Test timeout of 30000ms exceeded.
    Call log:
      - waiting for locator('input[placeholder*="email"]')


       5 |     // Login first
       6 |     await page.goto('/auth');
    >  7 |     await page.fill('input[placeholder*="email"]', 'test@example.com');
         |                ^
       8 |     await page.fill('input[placeholder*="password"]', 'password123');
       9 |     await page.click('button[type="submit"]');
      10 |     await expect(page).toHaveURL(/.*dashboard/);
        at /Users/gailad/Documents/Dev Projects/PacheduConnect/tests/e2e/send-money.spec.ts:7:16

    attachment #1: screenshot (image/png) ──────────────────────────────────────────────────────────
    ../../test-results/send-money-Send-Money-Jour-eb7a3-rrency-converter-validation-chromium/test-failed-1.png
    ────────────────────────────────────────────────────────────────────────────────────────────────

    attachment #2: video (video/webm) ──────────────────────────────────────────────────────────────
    ../../test-results/send-money-Send-Money-Jour-eb7a3-rrency-converter-validation-chromium/video.webm
    ────────────────────────────────────────────────────────────────────────────────────────────────

    Error Context: ../../test-results/send-money-Send-Money-Jour-eb7a3-rrency-converter-validation-chromium/error-context.md
]]>
</failure>
<system-out>
<![CDATA[
[[ATTACHMENT|send-money-Send-Money-Jour-eb7a3-rrency-converter-validation-chromium/test-failed-1.png]]

[[ATTACHMENT|send-money-Send-Money-Jour-eb7a3-rrency-converter-validation-chromium/video.webm]]

[[ATTACHMENT|send-money-Send-Money-Jour-eb7a3-rrency-converter-validation-chromium/error-context.md]]
]]>
</system-out>
</testcase>
<testcase name="Send Money Journey › @send Fee breakdown validation" classname="send-money.spec.ts" time="30.821">
<failure message="send-money.spec.ts:112:7 @send Fee breakdown validation" type="FAILURE">
<![CDATA[  [chromium] › send-money.spec.ts:112:7 › Send Money Journey › @send Fee breakdown validation ──────

    Test timeout of 30000ms exceeded while running "beforeEach" hook.

      2 |
      3 | test.describe('Send Money Journey', () => {
    > 4 |   test.beforeEach(async ({ page }) => {
        |        ^
      5 |     // Login first
      6 |     await page.goto('/auth');
      7 |     await page.fill('input[placeholder*="email"]', 'test@example.com');
        at /Users/gailad/Documents/Dev Projects/PacheduConnect/tests/e2e/send-money.spec.ts:4:8

    Error: page.fill: Test timeout of 30000ms exceeded.
    Call log:
      - waiting for locator('input[placeholder*="email"]')


       5 |     // Login first
       6 |     await page.goto('/auth');
    >  7 |     await page.fill('input[placeholder*="email"]', 'test@example.com');
         |                ^
       8 |     await page.fill('input[placeholder*="password"]', 'password123');
       9 |     await page.click('button[type="submit"]');
      10 |     await expect(page).toHaveURL(/.*dashboard/);
        at /Users/gailad/Documents/Dev Projects/PacheduConnect/tests/e2e/send-money.spec.ts:7:16

    attachment #1: screenshot (image/png) ──────────────────────────────────────────────────────────
    ../../test-results/send-money-Send-Money-Journey-send-Fee-breakdown-validation-chromium/test-failed-1.png
    ────────────────────────────────────────────────────────────────────────────────────────────────

    attachment #2: video (video/webm) ──────────────────────────────────────────────────────────────
    ../../test-results/send-money-Send-Money-Journey-send-Fee-breakdown-validation-chromium/video.webm
    ────────────────────────────────────────────────────────────────────────────────────────────────

    Error Context: ../../test-results/send-money-Send-Money-Journey-send-Fee-breakdown-validation-chromium/error-context.md
]]>
</failure>
<system-out>
<![CDATA[
[[ATTACHMENT|send-money-Send-Money-Journey-send-Fee-breakdown-validation-chromium/test-failed-1.png]]

[[ATTACHMENT|send-money-Send-Money-Journey-send-Fee-breakdown-validation-chromium/video.webm]]

[[ATTACHMENT|send-money-Send-Money-Journey-send-Fee-breakdown-validation-chromium/error-context.md]]
]]>
</system-out>
</testcase>
<testcase name="Send Money Journey › @send Recipient management" classname="send-money.spec.ts" time="30.823">
<failure message="send-money.spec.ts:137:7 @send Recipient management" type="FAILURE">
<![CDATA[  [chromium] › send-money.spec.ts:137:7 › Send Money Journey › @send Recipient management ──────────

    Test timeout of 30000ms exceeded while running "beforeEach" hook.

      2 |
      3 | test.describe('Send Money Journey', () => {
    > 4 |   test.beforeEach(async ({ page }) => {
        |        ^
      5 |     // Login first
      6 |     await page.goto('/auth');
      7 |     await page.fill('input[placeholder*="email"]', 'test@example.com');
        at /Users/gailad/Documents/Dev Projects/PacheduConnect/tests/e2e/send-money.spec.ts:4:8

    Error: page.fill: Test timeout of 30000ms exceeded.
    Call log:
      - waiting for locator('input[placeholder*="email"]')


       5 |     // Login first
       6 |     await page.goto('/auth');
    >  7 |     await page.fill('input[placeholder*="email"]', 'test@example.com');
         |                ^
       8 |     await page.fill('input[placeholder*="password"]', 'password123');
       9 |     await page.click('button[type="submit"]');
      10 |     await expect(page).toHaveURL(/.*dashboard/);
        at /Users/gailad/Documents/Dev Projects/PacheduConnect/tests/e2e/send-money.spec.ts:7:16

    attachment #1: screenshot (image/png) ──────────────────────────────────────────────────────────
    ../../test-results/send-money-Send-Money-Journey-send-Recipient-management-chromium/test-failed-1.png
    ────────────────────────────────────────────────────────────────────────────────────────────────

    attachment #2: video (video/webm) ──────────────────────────────────────────────────────────────
    ../../test-results/send-money-Send-Money-Journey-send-Recipient-management-chromium/video.webm
    ────────────────────────────────────────────────────────────────────────────────────────────────

    Error Context: ../../test-results/send-money-Send-Money-Journey-send-Recipient-management-chromium/error-context.md
]]>
</failure>
<system-out>
<![CDATA[
[[ATTACHMENT|send-money-Send-Money-Journey-send-Recipient-management-chromium/test-failed-1.png]]

[[ATTACHMENT|send-money-Send-Money-Journey-send-Recipient-management-chromium/video.webm]]

[[ATTACHMENT|send-money-Send-Money-Journey-send-Recipient-management-chromium/error-context.md]]
]]>
</system-out>
</testcase>
<testcase name="Send Money Journey › @send Transaction limits validation" classname="send-money.spec.ts" time="30.708">
<failure message="send-money.spec.ts:181:7 @send Transaction limits validation" type="FAILURE">
<![CDATA[  [chromium] › send-money.spec.ts:181:7 › Send Money Journey › @send Transaction limits validation ─

    Test timeout of 30000ms exceeded while running "beforeEach" hook.

      2 |
      3 | test.describe('Send Money Journey', () => {
    > 4 |   test.beforeEach(async ({ page }) => {
        |        ^
      5 |     // Login first
      6 |     await page.goto('/auth');
      7 |     await page.fill('input[placeholder*="email"]', 'test@example.com');
        at /Users/gailad/Documents/Dev Projects/PacheduConnect/tests/e2e/send-money.spec.ts:4:8

    Error: page.fill: Test timeout of 30000ms exceeded.
    Call log:
      - waiting for locator('input[placeholder*="email"]')


       5 |     // Login first
       6 |     await page.goto('/auth');
    >  7 |     await page.fill('input[placeholder*="email"]', 'test@example.com');
         |                ^
       8 |     await page.fill('input[placeholder*="password"]', 'password123');
       9 |     await page.click('button[type="submit"]');
      10 |     await expect(page).toHaveURL(/.*dashboard/);
        at /Users/gailad/Documents/Dev Projects/PacheduConnect/tests/e2e/send-money.spec.ts:7:16

    attachment #1: screenshot (image/png) ──────────────────────────────────────────────────────────
    ../../test-results/send-money-Send-Money-Jour-b6f5f-ansaction-limits-validation-chromium/test-failed-1.png
    ────────────────────────────────────────────────────────────────────────────────────────────────

    attachment #2: video (video/webm) ──────────────────────────────────────────────────────────────
    ../../test-results/send-money-Send-Money-Jour-b6f5f-ansaction-limits-validation-chromium/video.webm
    ────────────────────────────────────────────────────────────────────────────────────────────────

    Error Context: ../../test-results/send-money-Send-Money-Jour-b6f5f-ansaction-limits-validation-chromium/error-context.md
]]>
</failure>
<system-out>
<![CDATA[
[[ATTACHMENT|send-money-Send-Money-Jour-b6f5f-ansaction-limits-validation-chromium/test-failed-1.png]]

[[ATTACHMENT|send-money-Send-Money-Jour-b6f5f-ansaction-limits-validation-chromium/video.webm]]

[[ATTACHMENT|send-money-Send-Money-Jour-b6f5f-ansaction-limits-validation-chromium/error-context.md]]
]]>
</system-out>
</testcase>
<testcase name="Send Money Journey › @send Network error handling" classname="send-money.spec.ts" time="30.693">
<failure message="send-money.spec.ts:203:7 @send Network error handling" type="FAILURE">
<![CDATA[  [chromium] › send-money.spec.ts:203:7 › Send Money Journey › @send Network error handling ────────

    Test timeout of 30000ms exceeded while running "beforeEach" hook.

      2 |
      3 | test.describe('Send Money Journey', () => {
    > 4 |   test.beforeEach(async ({ page }) => {
        |        ^
      5 |     // Login first
      6 |     await page.goto('/auth');
      7 |     await page.fill('input[placeholder*="email"]', 'test@example.com');
        at /Users/gailad/Documents/Dev Projects/PacheduConnect/tests/e2e/send-money.spec.ts:4:8

    Error: page.fill: Test timeout of 30000ms exceeded.
    Call log:
      - waiting for locator('input[placeholder*="email"]')


       5 |     // Login first
       6 |     await page.goto('/auth');
    >  7 |     await page.fill('input[placeholder*="email"]', 'test@example.com');
         |                ^
       8 |     await page.fill('input[placeholder*="password"]', 'password123');
       9 |     await page.click('button[type="submit"]');
      10 |     await expect(page).toHaveURL(/.*dashboard/);
        at /Users/gailad/Documents/Dev Projects/PacheduConnect/tests/e2e/send-money.spec.ts:7:16

    attachment #1: screenshot (image/png) ──────────────────────────────────────────────────────────
    ../../test-results/send-money-Send-Money-Journey-send-Network-error-handling-chromium/test-failed-1.png
    ────────────────────────────────────────────────────────────────────────────────────────────────

    attachment #2: video (video/webm) ──────────────────────────────────────────────────────────────
    ../../test-results/send-money-Send-Money-Journey-send-Network-error-handling-chromium/video.webm
    ────────────────────────────────────────────────────────────────────────────────────────────────

    Error Context: ../../test-results/send-money-Send-Money-Journey-send-Network-error-handling-chromium/error-context.md
]]>
</failure>
<system-out>
<![CDATA[
[[ATTACHMENT|send-money-Send-Money-Journey-send-Network-error-handling-chromium/test-failed-1.png]]

[[ATTACHMENT|send-money-Send-Money-Journey-send-Network-error-handling-chromium/video.webm]]

[[ATTACHMENT|send-money-Send-Money-Journey-send-Network-error-handling-chromium/error-context.md]]
]]>
</system-out>
</testcase>
</testsuite>
<testsuite name="support-chatbot.spec.ts" timestamp="2025-07-14T13:04:14.079Z" hostname="chromium" tests="11" failures="11" skipped="0" time="338.448" errors="0">
<testcase name="Support and Chatbot Interaction › @support Open chatbot widget" classname="support-chatbot.spec.ts" time="30.86">
<failure message="support-chatbot.spec.ts:13:7 @support Open chatbot widget" type="FAILURE">
<![CDATA[  [chromium] › support-chatbot.spec.ts:13:7 › Support and Chatbot Interaction › @support Open chatbot widget 

    Test timeout of 30000ms exceeded while running "beforeEach" hook.

      2 |
      3 | test.describe('Support and Chatbot Interaction', () => {
    > 4 |   test.beforeEach(async ({ page }) => {
        |        ^
      5 |     // Login first
      6 |     await page.goto('/auth');
      7 |     await page.fill('input[placeholder*="email"]', 'test@example.com');
        at /Users/gailad/Documents/Dev Projects/PacheduConnect/tests/e2e/support-chatbot.spec.ts:4:8

    Error: page.fill: Test timeout of 30000ms exceeded.
    Call log:
      - waiting for locator('input[placeholder*="email"]')


       5 |     // Login first
       6 |     await page.goto('/auth');
    >  7 |     await page.fill('input[placeholder*="email"]', 'test@example.com');
         |                ^
       8 |     await page.fill('input[placeholder*="password"]', 'password123');
       9 |     await page.click('button[type="submit"]');
      10 |     await expect(page).toHaveURL(/.*dashboard/);
        at /Users/gailad/Documents/Dev Projects/PacheduConnect/tests/e2e/support-chatbot.spec.ts:7:16

    attachment #1: screenshot (image/png) ──────────────────────────────────────────────────────────
    ../../test-results/support-chatbot-Support-an-e17c1-support-Open-chatbot-widget-chromium/test-failed-1.png
    ────────────────────────────────────────────────────────────────────────────────────────────────

    attachment #2: video (video/webm) ──────────────────────────────────────────────────────────────
    ../../test-results/support-chatbot-Support-an-e17c1-support-Open-chatbot-widget-chromium/video.webm
    ────────────────────────────────────────────────────────────────────────────────────────────────

    Error Context: ../../test-results/support-chatbot-Support-an-e17c1-support-Open-chatbot-widget-chromium/error-context.md
]]>
</failure>
<system-out>
<![CDATA[
[[ATTACHMENT|support-chatbot-Support-an-e17c1-support-Open-chatbot-widget-chromium/test-failed-1.png]]

[[ATTACHMENT|support-chatbot-Support-an-e17c1-support-Open-chatbot-widget-chromium/video.webm]]

[[ATTACHMENT|support-chatbot-Support-an-e17c1-support-Open-chatbot-widget-chromium/error-context.md]]
]]>
</system-out>
</testcase>
<testcase name="Support and Chatbot Interaction › @support KYC upload question" classname="support-chatbot.spec.ts" time="30.867">
<failure message="support-chatbot.spec.ts:33:7 @support KYC upload question" type="FAILURE">
<![CDATA[  [chromium] › support-chatbot.spec.ts:33:7 › Support and Chatbot Interaction › @support KYC upload question 

    Test timeout of 30000ms exceeded while running "beforeEach" hook.

      2 |
      3 | test.describe('Support and Chatbot Interaction', () => {
    > 4 |   test.beforeEach(async ({ page }) => {
        |        ^
      5 |     // Login first
      6 |     await page.goto('/auth');
      7 |     await page.fill('input[placeholder*="email"]', 'test@example.com');
        at /Users/gailad/Documents/Dev Projects/PacheduConnect/tests/e2e/support-chatbot.spec.ts:4:8

    Error: page.fill: Test timeout of 30000ms exceeded.
    Call log:
      - waiting for locator('input[placeholder*="email"]')


       5 |     // Login first
       6 |     await page.goto('/auth');
    >  7 |     await page.fill('input[placeholder*="email"]', 'test@example.com');
         |                ^
       8 |     await page.fill('input[placeholder*="password"]', 'password123');
       9 |     await page.click('button[type="submit"]');
      10 |     await expect(page).toHaveURL(/.*dashboard/);
        at /Users/gailad/Documents/Dev Projects/PacheduConnect/tests/e2e/support-chatbot.spec.ts:7:16

    attachment #1: screenshot (image/png) ──────────────────────────────────────────────────────────
    ../../test-results/support-chatbot-Support-an-6c13b-support-KYC-upload-question-chromium/test-failed-1.png
    ────────────────────────────────────────────────────────────────────────────────────────────────

    attachment #2: video (video/webm) ──────────────────────────────────────────────────────────────
    ../../test-results/support-chatbot-Support-an-6c13b-support-KYC-upload-question-chromium/video.webm
    ────────────────────────────────────────────────────────────────────────────────────────────────

    Error Context: ../../test-results/support-chatbot-Support-an-6c13b-support-KYC-upload-question-chromium/error-context.md
]]>
</failure>
<system-out>
<![CDATA[
[[ATTACHMENT|support-chatbot-Support-an-6c13b-support-KYC-upload-question-chromium/test-failed-1.png]]

[[ATTACHMENT|support-chatbot-Support-an-6c13b-support-KYC-upload-question-chromium/video.webm]]

[[ATTACHMENT|support-chatbot-Support-an-6c13b-support-KYC-upload-question-chromium/error-context.md]]
]]>
</system-out>
</testcase>
<testcase name="Support and Chatbot Interaction › @support Transaction tracking via chat" classname="support-chatbot.spec.ts" time="30.688">
<failure message="support-chatbot.spec.ts:54:7 @support Transaction tracking via chat" type="FAILURE">
<![CDATA[  [chromium] › support-chatbot.spec.ts:54:7 › Support and Chatbot Interaction › @support Transaction tracking via chat 

    Test timeout of 30000ms exceeded while running "beforeEach" hook.

      2 |
      3 | test.describe('Support and Chatbot Interaction', () => {
    > 4 |   test.beforeEach(async ({ page }) => {
        |        ^
      5 |     // Login first
      6 |     await page.goto('/auth');
      7 |     await page.fill('input[placeholder*="email"]', 'test@example.com');
        at /Users/gailad/Documents/Dev Projects/PacheduConnect/tests/e2e/support-chatbot.spec.ts:4:8

    Error: page.fill: Test timeout of 30000ms exceeded.
    Call log:
      - waiting for locator('input[placeholder*="email"]')


       5 |     // Login first
       6 |     await page.goto('/auth');
    >  7 |     await page.fill('input[placeholder*="email"]', 'test@example.com');
         |                ^
       8 |     await page.fill('input[placeholder*="password"]', 'password123');
       9 |     await page.click('button[type="submit"]');
      10 |     await expect(page).toHaveURL(/.*dashboard/);
        at /Users/gailad/Documents/Dev Projects/PacheduConnect/tests/e2e/support-chatbot.spec.ts:7:16

    attachment #1: screenshot (image/png) ──────────────────────────────────────────────────────────
    ../../test-results/support-chatbot-Support-an-eac0f-ansaction-tracking-via-chat-chromium/test-failed-1.png
    ────────────────────────────────────────────────────────────────────────────────────────────────

    attachment #2: video (video/webm) ──────────────────────────────────────────────────────────────
    ../../test-results/support-chatbot-Support-an-eac0f-ansaction-tracking-via-chat-chromium/video.webm
    ────────────────────────────────────────────────────────────────────────────────────────────────

    Error Context: ../../test-results/support-chatbot-Support-an-eac0f-ansaction-tracking-via-chat-chromium/error-context.md
]]>
</failure>
<system-out>
<![CDATA[
[[ATTACHMENT|support-chatbot-Support-an-eac0f-ansaction-tracking-via-chat-chromium/test-failed-1.png]]

[[ATTACHMENT|support-chatbot-Support-an-eac0f-ansaction-tracking-via-chat-chromium/video.webm]]

[[ATTACHMENT|support-chatbot-Support-an-eac0f-ansaction-tracking-via-chat-chromium/error-context.md]]
]]>
</system-out>
</testcase>
<testcase name="Support and Chatbot Interaction › @support Exchange rate questions" classname="support-chatbot.spec.ts" time="30.74">
<failure message="support-chatbot.spec.ts:73:7 @support Exchange rate questions" type="FAILURE">
<![CDATA[  [chromium] › support-chatbot.spec.ts:73:7 › Support and Chatbot Interaction › @support Exchange rate questions 

    Test timeout of 30000ms exceeded while running "beforeEach" hook.

      2 |
      3 | test.describe('Support and Chatbot Interaction', () => {
    > 4 |   test.beforeEach(async ({ page }) => {
        |        ^
      5 |     // Login first
      6 |     await page.goto('/auth');
      7 |     await page.fill('input[placeholder*="email"]', 'test@example.com');
        at /Users/gailad/Documents/Dev Projects/PacheduConnect/tests/e2e/support-chatbot.spec.ts:4:8

    Error: page.fill: Test timeout of 30000ms exceeded.
    Call log:
      - waiting for locator('input[placeholder*="email"]')


       5 |     // Login first
       6 |     await page.goto('/auth');
    >  7 |     await page.fill('input[placeholder*="email"]', 'test@example.com');
         |                ^
       8 |     await page.fill('input[placeholder*="password"]', 'password123');
       9 |     await page.click('button[type="submit"]');
      10 |     await expect(page).toHaveURL(/.*dashboard/);
        at /Users/gailad/Documents/Dev Projects/PacheduConnect/tests/e2e/support-chatbot.spec.ts:7:16

    attachment #1: screenshot (image/png) ──────────────────────────────────────────────────────────
    ../../test-results/support-chatbot-Support-an-2f033-ort-Exchange-rate-questions-chromium/test-failed-1.png
    ────────────────────────────────────────────────────────────────────────────────────────────────

    attachment #2: video (video/webm) ──────────────────────────────────────────────────────────────
    ../../test-results/support-chatbot-Support-an-2f033-ort-Exchange-rate-questions-chromium/video.webm
    ────────────────────────────────────────────────────────────────────────────────────────────────

    Error Context: ../../test-results/support-chatbot-Support-an-2f033-ort-Exchange-rate-questions-chromium/error-context.md
]]>
</failure>
<system-out>
<![CDATA[
[[ATTACHMENT|support-chatbot-Support-an-2f033-ort-Exchange-rate-questions-chromium/test-failed-1.png]]

[[ATTACHMENT|support-chatbot-Support-an-2f033-ort-Exchange-rate-questions-chromium/video.webm]]

[[ATTACHMENT|support-chatbot-Support-an-2f033-ort-Exchange-rate-questions-chromium/error-context.md]]
]]>
</system-out>
</testcase>
<testcase name="Support and Chatbot Interaction › @support Fee structure questions" classname="support-chatbot.spec.ts" time="30.756">
<failure message="support-chatbot.spec.ts:91:7 @support Fee structure questions" type="FAILURE">
<![CDATA[  [chromium] › support-chatbot.spec.ts:91:7 › Support and Chatbot Interaction › @support Fee structure questions 

    Test timeout of 30000ms exceeded while running "beforeEach" hook.

      2 |
      3 | test.describe('Support and Chatbot Interaction', () => {
    > 4 |   test.beforeEach(async ({ page }) => {
        |        ^
      5 |     // Login first
      6 |     await page.goto('/auth');
      7 |     await page.fill('input[placeholder*="email"]', 'test@example.com');
        at /Users/gailad/Documents/Dev Projects/PacheduConnect/tests/e2e/support-chatbot.spec.ts:4:8

    Error: page.fill: Test timeout of 30000ms exceeded.
    Call log:
      - waiting for locator('input[placeholder*="email"]')


       5 |     // Login first
       6 |     await page.goto('/auth');
    >  7 |     await page.fill('input[placeholder*="email"]', 'test@example.com');
         |                ^
       8 |     await page.fill('input[placeholder*="password"]', 'password123');
       9 |     await page.click('button[type="submit"]');
      10 |     await expect(page).toHaveURL(/.*dashboard/);
        at /Users/gailad/Documents/Dev Projects/PacheduConnect/tests/e2e/support-chatbot.spec.ts:7:16

    attachment #1: screenshot (image/png) ──────────────────────────────────────────────────────────
    ../../test-results/support-chatbot-Support-an-9d52f-ort-Fee-structure-questions-chromium/test-failed-1.png
    ────────────────────────────────────────────────────────────────────────────────────────────────

    attachment #2: video (video/webm) ──────────────────────────────────────────────────────────────
    ../../test-results/support-chatbot-Support-an-9d52f-ort-Fee-structure-questions-chromium/video.webm
    ────────────────────────────────────────────────────────────────────────────────────────────────

    Error Context: ../../test-results/support-chatbot-Support-an-9d52f-ort-Fee-structure-questions-chromium/error-context.md
]]>
</failure>
<system-out>
<![CDATA[
[[ATTACHMENT|support-chatbot-Support-an-9d52f-ort-Fee-structure-questions-chromium/test-failed-1.png]]

[[ATTACHMENT|support-chatbot-Support-an-9d52f-ort-Fee-structure-questions-chromium/video.webm]]

[[ATTACHMENT|support-chatbot-Support-an-9d52f-ort-Fee-structure-questions-chromium/error-context.md]]
]]>
</system-out>
</testcase>
<testcase name="Support and Chatbot Interaction › @support Account limits questions" classname="support-chatbot.spec.ts" time="30.798">
<failure message="support-chatbot.spec.ts:110:7 @support Account limits questions" type="FAILURE">
<![CDATA[  [chromium] › support-chatbot.spec.ts:110:7 › Support and Chatbot Interaction › @support Account limits questions 

    Test timeout of 30000ms exceeded while running "beforeEach" hook.

      2 |
      3 | test.describe('Support and Chatbot Interaction', () => {
    > 4 |   test.beforeEach(async ({ page }) => {
        |        ^
      5 |     // Login first
      6 |     await page.goto('/auth');
      7 |     await page.fill('input[placeholder*="email"]', 'test@example.com');
        at /Users/gailad/Documents/Dev Projects/PacheduConnect/tests/e2e/support-chatbot.spec.ts:4:8

    Error: page.fill: Test timeout of 30000ms exceeded.
    Call log:
      - waiting for locator('input[placeholder*="email"]')


       5 |     // Login first
       6 |     await page.goto('/auth');
    >  7 |     await page.fill('input[placeholder*="email"]', 'test@example.com');
         |                ^
       8 |     await page.fill('input[placeholder*="password"]', 'password123');
       9 |     await page.click('button[type="submit"]');
      10 |     await expect(page).toHaveURL(/.*dashboard/);
        at /Users/gailad/Documents/Dev Projects/PacheduConnect/tests/e2e/support-chatbot.spec.ts:7:16

    attachment #1: screenshot (image/png) ──────────────────────────────────────────────────────────
    ../../test-results/support-chatbot-Support-an-ad940-rt-Account-limits-questions-chromium/test-failed-1.png
    ────────────────────────────────────────────────────────────────────────────────────────────────

    attachment #2: video (video/webm) ──────────────────────────────────────────────────────────────
    ../../test-results/support-chatbot-Support-an-ad940-rt-Account-limits-questions-chromium/video.webm
    ────────────────────────────────────────────────────────────────────────────────────────────────

    Error Context: ../../test-results/support-chatbot-Support-an-ad940-rt-Account-limits-questions-chromium/error-context.md
]]>
</failure>
<system-out>
<![CDATA[
[[ATTACHMENT|support-chatbot-Support-an-ad940-rt-Account-limits-questions-chromium/test-failed-1.png]]

[[ATTACHMENT|support-chatbot-Support-an-ad940-rt-Account-limits-questions-chromium/video.webm]]

[[ATTACHMENT|support-chatbot-Support-an-ad940-rt-Account-limits-questions-chromium/error-context.md]]
]]>
</system-out>
</testcase>
<testcase name="Support and Chatbot Interaction › @support Live agent escalation" classname="support-chatbot.spec.ts" time="30.709">
<failure message="support-chatbot.spec.ts:126:7 @support Live agent escalation" type="FAILURE">
<![CDATA[  [chromium] › support-chatbot.spec.ts:126:7 › Support and Chatbot Interaction › @support Live agent escalation 

    Test timeout of 30000ms exceeded while running "beforeEach" hook.

      2 |
      3 | test.describe('Support and Chatbot Interaction', () => {
    > 4 |   test.beforeEach(async ({ page }) => {
        |        ^
      5 |     // Login first
      6 |     await page.goto('/auth');
      7 |     await page.fill('input[placeholder*="email"]', 'test@example.com');
        at /Users/gailad/Documents/Dev Projects/PacheduConnect/tests/e2e/support-chatbot.spec.ts:4:8

    Error: page.fill: Test timeout of 30000ms exceeded.
    Call log:
      - waiting for locator('input[placeholder*="email"]')


       5 |     // Login first
       6 |     await page.goto('/auth');
    >  7 |     await page.fill('input[placeholder*="email"]', 'test@example.com');
         |                ^
       8 |     await page.fill('input[placeholder*="password"]', 'password123');
       9 |     await page.click('button[type="submit"]');
      10 |     await expect(page).toHaveURL(/.*dashboard/);
        at /Users/gailad/Documents/Dev Projects/PacheduConnect/tests/e2e/support-chatbot.spec.ts:7:16

    attachment #1: screenshot (image/png) ──────────────────────────────────────────────────────────
    ../../test-results/support-chatbot-Support-an-ebca2-pport-Live-agent-escalation-chromium/test-failed-1.png
    ────────────────────────────────────────────────────────────────────────────────────────────────

    attachment #2: video (video/webm) ──────────────────────────────────────────────────────────────
    ../../test-results/support-chatbot-Support-an-ebca2-pport-Live-agent-escalation-chromium/video.webm
    ────────────────────────────────────────────────────────────────────────────────────────────────

    Error Context: ../../test-results/support-chatbot-Support-an-ebca2-pport-Live-agent-escalation-chromium/error-context.md
]]>
</failure>
<system-out>
<![CDATA[
[[ATTACHMENT|support-chatbot-Support-an-ebca2-pport-Live-agent-escalation-chromium/test-failed-1.png]]

[[ATTACHMENT|support-chatbot-Support-an-ebca2-pport-Live-agent-escalation-chromium/video.webm]]

[[ATTACHMENT|support-chatbot-Support-an-ebca2-pport-Live-agent-escalation-chromium/error-context.md]]
]]>
</system-out>
</testcase>
<testcase name="Support and Chatbot Interaction › @support Chatbot language support" classname="support-chatbot.spec.ts" time="30.731">
<failure message="support-chatbot.spec.ts:148:7 @support Chatbot language support" type="FAILURE">
<![CDATA[  [chromium] › support-chatbot.spec.ts:148:7 › Support and Chatbot Interaction › @support Chatbot language support 

    Test timeout of 30000ms exceeded while running "beforeEach" hook.

      2 |
      3 | test.describe('Support and Chatbot Interaction', () => {
    > 4 |   test.beforeEach(async ({ page }) => {
        |        ^
      5 |     // Login first
      6 |     await page.goto('/auth');
      7 |     await page.fill('input[placeholder*="email"]', 'test@example.com');
        at /Users/gailad/Documents/Dev Projects/PacheduConnect/tests/e2e/support-chatbot.spec.ts:4:8

    Error: page.fill: Test timeout of 30000ms exceeded.
    Call log:
      - waiting for locator('input[placeholder*="email"]')


       5 |     // Login first
       6 |     await page.goto('/auth');
    >  7 |     await page.fill('input[placeholder*="email"]', 'test@example.com');
         |                ^
       8 |     await page.fill('input[placeholder*="password"]', 'password123');
       9 |     await page.click('button[type="submit"]');
      10 |     await expect(page).toHaveURL(/.*dashboard/);
        at /Users/gailad/Documents/Dev Projects/PacheduConnect/tests/e2e/support-chatbot.spec.ts:7:16

    attachment #1: screenshot (image/png) ──────────────────────────────────────────────────────────
    ../../test-results/support-chatbot-Support-an-ab084-rt-Chatbot-language-support-chromium/test-failed-1.png
    ────────────────────────────────────────────────────────────────────────────────────────────────

    attachment #2: video (video/webm) ──────────────────────────────────────────────────────────────
    ../../test-results/support-chatbot-Support-an-ab084-rt-Chatbot-language-support-chromium/video.webm
    ────────────────────────────────────────────────────────────────────────────────────────────────

    Error Context: ../../test-results/support-chatbot-Support-an-ab084-rt-Chatbot-language-support-chromium/error-context.md
]]>
</failure>
<system-out>
<![CDATA[
[[ATTACHMENT|support-chatbot-Support-an-ab084-rt-Chatbot-language-support-chromium/test-failed-1.png]]

[[ATTACHMENT|support-chatbot-Support-an-ab084-rt-Chatbot-language-support-chromium/video.webm]]

[[ATTACHMENT|support-chatbot-Support-an-ab084-rt-Chatbot-language-support-chromium/error-context.md]]
]]>
</system-out>
</testcase>
<testcase name="Support and Chatbot Interaction › @support Chatbot conversation history" classname="support-chatbot.spec.ts" time="30.761">
<failure message="support-chatbot.spec.ts:168:7 @support Chatbot conversation history" type="FAILURE">
<![CDATA[  [chromium] › support-chatbot.spec.ts:168:7 › Support and Chatbot Interaction › @support Chatbot conversation history 

    Test timeout of 30000ms exceeded while running "beforeEach" hook.

      2 |
      3 | test.describe('Support and Chatbot Interaction', () => {
    > 4 |   test.beforeEach(async ({ page }) => {
        |        ^
      5 |     // Login first
      6 |     await page.goto('/auth');
      7 |     await page.fill('input[placeholder*="email"]', 'test@example.com');
        at /Users/gailad/Documents/Dev Projects/PacheduConnect/tests/e2e/support-chatbot.spec.ts:4:8

    Error: page.fill: Test timeout of 30000ms exceeded.
    Call log:
      - waiting for locator('input[placeholder*="email"]')


       5 |     // Login first
       6 |     await page.goto('/auth');
    >  7 |     await page.fill('input[placeholder*="email"]', 'test@example.com');
         |                ^
       8 |     await page.fill('input[placeholder*="password"]', 'password123');
       9 |     await page.click('button[type="submit"]');
      10 |     await expect(page).toHaveURL(/.*dashboard/);
        at /Users/gailad/Documents/Dev Projects/PacheduConnect/tests/e2e/support-chatbot.spec.ts:7:16

    attachment #1: screenshot (image/png) ──────────────────────────────────────────────────────────
    ../../test-results/support-chatbot-Support-an-9a6ee-hatbot-conversation-history-chromium/test-failed-1.png
    ────────────────────────────────────────────────────────────────────────────────────────────────

    attachment #2: video (video/webm) ──────────────────────────────────────────────────────────────
    ../../test-results/support-chatbot-Support-an-9a6ee-hatbot-conversation-history-chromium/video.webm
    ────────────────────────────────────────────────────────────────────────────────────────────────

    Error Context: ../../test-results/support-chatbot-Support-an-9a6ee-hatbot-conversation-history-chromium/error-context.md
]]>
</failure>
<system-out>
<![CDATA[
[[ATTACHMENT|support-chatbot-Support-an-9a6ee-hatbot-conversation-history-chromium/test-failed-1.png]]

[[ATTACHMENT|support-chatbot-Support-an-9a6ee-hatbot-conversation-history-chromium/video.webm]]

[[ATTACHMENT|support-chatbot-Support-an-9a6ee-hatbot-conversation-history-chromium/error-context.md]]
]]>
</system-out>
</testcase>
<testcase name="Support and Chatbot Interaction › @support Chatbot offline handling" classname="support-chatbot.spec.ts" time="30.805">
<failure message="support-chatbot.spec.ts:199:7 @support Chatbot offline handling" type="FAILURE">
<![CDATA[  [chromium] › support-chatbot.spec.ts:199:7 › Support and Chatbot Interaction › @support Chatbot offline handling 

    Test timeout of 30000ms exceeded while running "beforeEach" hook.

      2 |
      3 | test.describe('Support and Chatbot Interaction', () => {
    > 4 |   test.beforeEach(async ({ page }) => {
        |        ^
      5 |     // Login first
      6 |     await page.goto('/auth');
      7 |     await page.fill('input[placeholder*="email"]', 'test@example.com');
        at /Users/gailad/Documents/Dev Projects/PacheduConnect/tests/e2e/support-chatbot.spec.ts:4:8

    Error: page.fill: Test timeout of 30000ms exceeded.
    Call log:
      - waiting for locator('input[placeholder*="email"]')


       5 |     // Login first
       6 |     await page.goto('/auth');
    >  7 |     await page.fill('input[placeholder*="email"]', 'test@example.com');
         |                ^
       8 |     await page.fill('input[placeholder*="password"]', 'password123');
       9 |     await page.click('button[type="submit"]');
      10 |     await expect(page).toHaveURL(/.*dashboard/);
        at /Users/gailad/Documents/Dev Projects/PacheduConnect/tests/e2e/support-chatbot.spec.ts:7:16

    attachment #1: screenshot (image/png) ──────────────────────────────────────────────────────────
    ../../test-results/support-chatbot-Support-an-ab948-rt-Chatbot-offline-handling-chromium/test-failed-1.png
    ────────────────────────────────────────────────────────────────────────────────────────────────

    attachment #2: video (video/webm) ──────────────────────────────────────────────────────────────
    ../../test-results/support-chatbot-Support-an-ab948-rt-Chatbot-offline-handling-chromium/video.webm
    ────────────────────────────────────────────────────────────────────────────────────────────────

    Error Context: ../../test-results/support-chatbot-Support-an-ab948-rt-Chatbot-offline-handling-chromium/error-context.md
]]>
</failure>
<system-out>
<![CDATA[
[[ATTACHMENT|support-chatbot-Support-an-ab948-rt-Chatbot-offline-handling-chromium/test-failed-1.png]]

[[ATTACHMENT|support-chatbot-Support-an-ab948-rt-Chatbot-offline-handling-chromium/video.webm]]

[[ATTACHMENT|support-chatbot-Support-an-ab948-rt-Chatbot-offline-handling-chromium/error-context.md]]
]]>
</system-out>
</testcase>
<testcase name="Support and Chatbot Interaction › @support Chatbot voice input" classname="support-chatbot.spec.ts" time="30.733">
<failure message="support-chatbot.spec.ts:224:7 @support Chatbot voice input" type="FAILURE">
<![CDATA[  [chromium] › support-chatbot.spec.ts:224:7 › Support and Chatbot Interaction › @support Chatbot voice input 

    Test timeout of 30000ms exceeded while running "beforeEach" hook.

      2 |
      3 | test.describe('Support and Chatbot Interaction', () => {
    > 4 |   test.beforeEach(async ({ page }) => {
        |        ^
      5 |     // Login first
      6 |     await page.goto('/auth');
      7 |     await page.fill('input[placeholder*="email"]', 'test@example.com');
        at /Users/gailad/Documents/Dev Projects/PacheduConnect/tests/e2e/support-chatbot.spec.ts:4:8

    Error: page.fill: Test timeout of 30000ms exceeded.
    Call log:
      - waiting for locator('input[placeholder*="email"]')


       5 |     // Login first
       6 |     await page.goto('/auth');
    >  7 |     await page.fill('input[placeholder*="email"]', 'test@example.com');
         |                ^
       8 |     await page.fill('input[placeholder*="password"]', 'password123');
       9 |     await page.click('button[type="submit"]');
      10 |     await expect(page).toHaveURL(/.*dashboard/);
        at /Users/gailad/Documents/Dev Projects/PacheduConnect/tests/e2e/support-chatbot.spec.ts:7:16

    attachment #1: screenshot (image/png) ──────────────────────────────────────────────────────────
    ../../test-results/support-chatbot-Support-an-43751-support-Chatbot-voice-input-chromium/test-failed-1.png
    ────────────────────────────────────────────────────────────────────────────────────────────────

    attachment #2: video (video/webm) ──────────────────────────────────────────────────────────────
    ../../test-results/support-chatbot-Support-an-43751-support-Chatbot-voice-input-chromium/video.webm
    ────────────────────────────────────────────────────────────────────────────────────────────────

    Error Context: ../../test-results/support-chatbot-Support-an-43751-support-Chatbot-voice-input-chromium/error-context.md
]]>
</failure>
<system-out>
<![CDATA[
[[ATTACHMENT|support-chatbot-Support-an-43751-support-Chatbot-voice-input-chromium/test-failed-1.png]]

[[ATTACHMENT|support-chatbot-Support-an-43751-support-Chatbot-voice-input-chromium/video.webm]]

[[ATTACHMENT|support-chatbot-Support-an-43751-support-Chatbot-voice-input-chromium/error-context.md]]
]]>
</system-out>
</testcase>
</testsuite>
<testsuite name="transaction-history.spec.ts" timestamp="2025-07-14T13:04:14.079Z" hostname="chromium" tests="30" failures="30" skipped="0" time="604.674" errors="0">
<testcase name="Transaction History &amp; Tracking › @transactions View transaction history" classname="transaction-history.spec.ts" time="6.357">
<failure message="transaction-history.spec.ts:12:7 @transactions View transaction history" type="FAILURE">
<![CDATA[  [chromium] › transaction-history.spec.ts:12:7 › Transaction History & Tracking › @transactions View transaction history 

    Error: Timed out 5000ms waiting for expect(locator).toBeVisible()

    Locator: locator('text=Transaction History')
    Expected: visible
    Received: <element(s) not found>
    Call log:
      - Expect "toBeVisible" with timeout 5000ms
      - waiting for locator('text=Transaction History')


      14 |     
      15 |     // Verify transaction list loads
    > 16 |     await expect(page.locator('text=Transaction History')).toBeVisible();
         |                                                            ^
      17 |     await expect(page.locator('text=Recent Transactions')).toBeVisible();
      18 |     
      19 |     // Verify transaction list structure
        at /Users/gailad/Documents/Dev Projects/PacheduConnect/tests/e2e/transaction-history.spec.ts:16:60

    attachment #1: screenshot (image/png) ──────────────────────────────────────────────────────────
    ../../test-results/transaction-history-Transa-9477a-ns-View-transaction-history-chromium/test-failed-1.png
    ────────────────────────────────────────────────────────────────────────────────────────────────

    attachment #2: video (video/webm) ──────────────────────────────────────────────────────────────
    ../../test-results/transaction-history-Transa-9477a-ns-View-transaction-history-chromium/video.webm
    ────────────────────────────────────────────────────────────────────────────────────────────────

    Error Context: ../../test-results/transaction-history-Transa-9477a-ns-View-transaction-history-chromium/error-context.md
]]>
</failure>
<system-out>
<![CDATA[
[[ATTACHMENT|transaction-history-Transa-9477a-ns-View-transaction-history-chromium/test-failed-1.png]]

[[ATTACHMENT|transaction-history-Transa-9477a-ns-View-transaction-history-chromium/video.webm]]

[[ATTACHMENT|transaction-history-Transa-9477a-ns-View-transaction-history-chromium/error-context.md]]
]]>
</system-out>
</testcase>
<testcase name="Transaction History &amp; Tracking › @transactions Transaction details view" classname="transaction-history.spec.ts" time="30.631">
<failure message="transaction-history.spec.ts:31:7 @transactions Transaction details view" type="FAILURE">
<![CDATA[  [chromium] › transaction-history.spec.ts:31:7 › Transaction History & Tracking › @transactions Transaction details view 

    Test timeout of 30000ms exceeded.

    Error: page.click: Test timeout of 30000ms exceeded.
    Call log:
      - waiting for locator('[data-testid="transaction-row"]:first-child')


      34 |     
      35 |     // Click on first transaction
    > 36 |     await page.click('[data-testid="transaction-row"]:first-child');
         |                ^
      37 |     
      38 |     // Verify transaction details page
      39 |     await expect(page.locator('text=Transaction Details')).toBeVisible();
        at /Users/gailad/Documents/Dev Projects/PacheduConnect/tests/e2e/transaction-history.spec.ts:36:16

    attachment #1: screenshot (image/png) ──────────────────────────────────────────────────────────
    ../../test-results/transaction-history-Transa-74ae5-ns-Transaction-details-view-chromium/test-failed-1.png
    ────────────────────────────────────────────────────────────────────────────────────────────────

    attachment #2: video (video/webm) ──────────────────────────────────────────────────────────────
    ../../test-results/transaction-history-Transa-74ae5-ns-Transaction-details-view-chromium/video.webm
    ────────────────────────────────────────────────────────────────────────────────────────────────

    Error Context: ../../test-results/transaction-history-Transa-74ae5-ns-Transaction-details-view-chromium/error-context.md
]]>
</failure>
<system-out>
<![CDATA[
[[ATTACHMENT|transaction-history-Transa-74ae5-ns-Transaction-details-view-chromium/test-failed-1.png]]

[[ATTACHMENT|transaction-history-Transa-74ae5-ns-Transaction-details-view-chromium/video.webm]]

[[ATTACHMENT|transaction-history-Transa-74ae5-ns-Transaction-details-view-chromium/error-context.md]]
]]>
</system-out>
</testcase>
<testcase name="Transaction History &amp; Tracking › @transactions Transaction status tracking" classname="transaction-history.spec.ts" time="30.677">
<failure message="transaction-history.spec.ts:56:7 @transactions Transaction status tracking" type="FAILURE">
<![CDATA[  [chromium] › transaction-history.spec.ts:56:7 › Transaction History & Tracking › @transactions Transaction status tracking 

    Test timeout of 30000ms exceeded.

    Error: page.click: Test timeout of 30000ms exceeded.
    Call log:
      - waiting for locator('[data-testid="transaction-row"]:first-child')


      59 |     
      60 |     // Click on a transaction
    > 61 |     await page.click('[data-testid="transaction-row"]:first-child');
         |                ^
      62 |     
      63 |     // Verify progress timeline is displayed
      64 |     await expect(page.locator('text=Transaction Progress')).toBeVisible();
        at /Users/gailad/Documents/Dev Projects/PacheduConnect/tests/e2e/transaction-history.spec.ts:61:16

    attachment #1: screenshot (image/png) ──────────────────────────────────────────────────────────
    ../../test-results/transaction-history-Transa-9d739-Transaction-status-tracking-chromium/test-failed-1.png
    ────────────────────────────────────────────────────────────────────────────────────────────────

    attachment #2: video (video/webm) ──────────────────────────────────────────────────────────────
    ../../test-results/transaction-history-Transa-9d739-Transaction-status-tracking-chromium/video.webm
    ────────────────────────────────────────────────────────────────────────────────────────────────

    Error Context: ../../test-results/transaction-history-Transa-9d739-Transaction-status-tracking-chromium/error-context.md
]]>
</failure>
<system-out>
<![CDATA[
[[ATTACHMENT|transaction-history-Transa-9d739-Transaction-status-tracking-chromium/test-failed-1.png]]

[[ATTACHMENT|transaction-history-Transa-9d739-Transaction-status-tracking-chromium/video.webm]]

[[ATTACHMENT|transaction-history-Transa-9d739-Transaction-status-tracking-chromium/error-context.md]]
]]>
</system-out>
</testcase>
<testcase name="Transaction History &amp; Tracking › @transactions Filter and search transactions" classname="transaction-history.spec.ts" time="30.684">
<failure message="transaction-history.spec.ts:83:7 @transactions Filter and search transactions" type="FAILURE">
<![CDATA[  [chromium] › transaction-history.spec.ts:83:7 › Transaction History & Tracking › @transactions Filter and search transactions 

    Test timeout of 30000ms exceeded.

    Error: page.click: Test timeout of 30000ms exceeded.
    Call log:
      - waiting for locator('select[name="status"]')


      86 |     
      87 |     // Test status filter
    > 88 |     await page.click('select[name="status"]');
         |                ^
      89 |     await page.selectOption('select[name="status"]', 'completed');
      90 |     
      91 |     // Verify filtered results
        at /Users/gailad/Documents/Dev Projects/PacheduConnect/tests/e2e/transaction-history.spec.ts:88:16

    attachment #1: screenshot (image/png) ──────────────────────────────────────────────────────────
    ../../test-results/transaction-history-Transa-f0b6a-ter-and-search-transactions-chromium/test-failed-1.png
    ────────────────────────────────────────────────────────────────────────────────────────────────

    attachment #2: video (video/webm) ──────────────────────────────────────────────────────────────
    ../../test-results/transaction-history-Transa-f0b6a-ter-and-search-transactions-chromium/video.webm
    ────────────────────────────────────────────────────────────────────────────────────────────────

    Error Context: ../../test-results/transaction-history-Transa-f0b6a-ter-and-search-transactions-chromium/error-context.md
]]>
</failure>
<system-out>
<![CDATA[
[[ATTACHMENT|transaction-history-Transa-f0b6a-ter-and-search-transactions-chromium/test-failed-1.png]]

[[ATTACHMENT|transaction-history-Transa-f0b6a-ter-and-search-transactions-chromium/video.webm]]

[[ATTACHMENT|transaction-history-Transa-f0b6a-ter-and-search-transactions-chromium/error-context.md]]
]]>
</system-out>
</testcase>
<testcase name="Transaction History &amp; Tracking › @transactions Export transaction history" classname="transaction-history.spec.ts" time="30.602">
<failure message="transaction-history.spec.ts:111:7 @transactions Export transaction history" type="FAILURE">
<![CDATA[  [chromium] › transaction-history.spec.ts:111:7 › Transaction History & Tracking › @transactions Export transaction history 

    Test timeout of 30000ms exceeded.

    Error: page.click: Test timeout of 30000ms exceeded.
    Call log:
      - waiting for locator('button:has-text("Export")')


      114 |     
      115 |     // Click export button
    > 116 |     await page.click('button:has-text("Export")');
          |                ^
      117 |     
      118 |     // Verify export options
      119 |     await expect(page.locator('text=Export Format')).toBeVisible();
        at /Users/gailad/Documents/Dev Projects/PacheduConnect/tests/e2e/transaction-history.spec.ts:116:16

    attachment #1: screenshot (image/png) ──────────────────────────────────────────────────────────
    ../../test-results/transaction-history-Transa-58cbb--Export-transaction-history-chromium/test-failed-1.png
    ────────────────────────────────────────────────────────────────────────────────────────────────

    attachment #2: video (video/webm) ──────────────────────────────────────────────────────────────
    ../../test-results/transaction-history-Transa-58cbb--Export-transaction-history-chromium/video.webm
    ────────────────────────────────────────────────────────────────────────────────────────────────

    Error Context: ../../test-results/transaction-history-Transa-58cbb--Export-transaction-history-chromium/error-context.md
]]>
</failure>
<system-out>
<![CDATA[
[[ATTACHMENT|transaction-history-Transa-58cbb--Export-transaction-history-chromium/test-failed-1.png]]

[[ATTACHMENT|transaction-history-Transa-58cbb--Export-transaction-history-chromium/video.webm]]

[[ATTACHMENT|transaction-history-Transa-58cbb--Export-transaction-history-chromium/error-context.md]]
]]>
</system-out>
</testcase>
<testcase name="Transaction History &amp; Tracking › @transactions Transaction receipt generation" classname="transaction-history.spec.ts" time="30.693">
<failure message="transaction-history.spec.ts:133:7 @transactions Transaction receipt generation" type="FAILURE">
<![CDATA[  [chromium] › transaction-history.spec.ts:133:7 › Transaction History & Tracking › @transactions Transaction receipt generation 

    Test timeout of 30000ms exceeded.

    Error: page.click: Test timeout of 30000ms exceeded.
    Call log:
      - waiting for locator('[data-testid="transaction-row"]:first-child')


      134 |     // Navigate to a specific transaction
      135 |     await page.goto('/transactions');
    > 136 |     await page.click('[data-testid="transaction-row"]:first-child');
          |                ^
      137 |     
      138 |     // Click download receipt
      139 |     await page.click('button:has-text("Download Receipt")');
        at /Users/gailad/Documents/Dev Projects/PacheduConnect/tests/e2e/transaction-history.spec.ts:136:16

    attachment #1: screenshot (image/png) ──────────────────────────────────────────────────────────
    ../../test-results/transaction-history-Transa-da7b6-nsaction-receipt-generation-chromium/test-failed-1.png
    ────────────────────────────────────────────────────────────────────────────────────────────────

    attachment #2: video (video/webm) ──────────────────────────────────────────────────────────────
    ../../test-results/transaction-history-Transa-da7b6-nsaction-receipt-generation-chromium/video.webm
[...]

    Error: Timed out 5000ms waiting for expect(locator).toBeVisible()

    Locator: locator('text=No transactions found')
    Expected: visible
    Received: <element(s) not found>
    Call log:
      - Expect "toBeVisible" with timeout 5000ms
      - waiting for locator('text=No transactions found')


      490 |     
      491 |     // Verify empty state
    > 492 |     await expect(page.locator('text=No transactions found')).toBeVisible();
          |                                                              ^
      493 |     await expect(page.locator('text=Start your first transfer')).toBeVisible();
      494 |     await expect(page.locator('button:has-text("Send Money")')).toBeVisible();
      495 |   });
        at /Users/gailad/Documents/Dev Projects/PacheduConnect/tests/e2e/transaction-history.spec.ts:492:62

    attachment #1: screenshot (image/png) ──────────────────────────────────────────────────────────
    ../../test-results/transaction-history-Transa-c35d9--edge-No-transactions-state-Mobile-Safari/test-failed-1.png
    ────────────────────────────────────────────────────────────────────────────────────────────────

    attachment #2: video (video/webm) ──────────────────────────────────────────────────────────────
    ../../test-results/transaction-history-Transa-c35d9--edge-No-transactions-state-Mobile-Safari/video.webm
    ────────────────────────────────────────────────────────────────────────────────────────────────

    Error Context: ../../test-results/transaction-history-Transa-c35d9--edge-No-transactions-state-Mobile-Safari/error-context.md
]]>
</failure>
<system-out>
<![CDATA[
[[ATTACHMENT|transaction-history-Transa-c35d9--edge-No-transactions-state-Mobile-Safari/test-failed-1.png]]

[[ATTACHMENT|transaction-history-Transa-c35d9--edge-No-transactions-state-Mobile-Safari/video.webm]]

[[ATTACHMENT|transaction-history-Transa-c35d9--edge-No-transactions-state-Mobile-Safari/error-context.md]]
]]>
</system-out>
</testcase>
<testcase name="Transaction History &amp; Tracking › @edge Large transaction amounts" classname="transaction-history.spec.ts" time="6.847">
<failure message="transaction-history.spec.ts:497:7 @edge Large transaction amounts" type="FAILURE">
<![CDATA[  [Mobile Safari] › transaction-history.spec.ts:497:7 › Transaction History & Tracking › @edge Large transaction amounts 

    Error: Timed out 5000ms waiting for expect(locator).toBeVisible()

    Locator: locator('text=$999,999,999.99')
    Expected: visible
    Received: <element(s) not found>
    Call log:
      - Expect "toBeVisible" with timeout 5000ms
      - waiting for locator('text=$999,999,999.99')


      517 |     
      518 |     // Verify large amount displays correctly
    > 519 |     await expect(page.locator('text=$999,999,999.99')).toBeVisible();
          |                                                        ^
      520 |   });
      521 |
      522 |   test('@edge Failed/cancelled transactions', async ({ page }) => {
        at /Users/gailad/Documents/Dev Projects/PacheduConnect/tests/e2e/transaction-history.spec.ts:519:56

    attachment #1: screenshot (image/png) ──────────────────────────────────────────────────────────
    ../../test-results/transaction-history-Transa-19010-e-Large-transaction-amounts-Mobile-Safari/test-failed-1.png
    ────────────────────────────────────────────────────────────────────────────────────────────────

    attachment #2: video (video/webm) ──────────────────────────────────────────────────────────────
    ../../test-results/transaction-history-Transa-19010-e-Large-transaction-amounts-Mobile-Safari/video.webm
    ────────────────────────────────────────────────────────────────────────────────────────────────

    Error Context: ../../test-results/transaction-history-Transa-19010-e-Large-transaction-amounts-Mobile-Safari/error-context.md
]]>
</failure>
<system-out>
<![CDATA[
[[ATTACHMENT|transaction-history-Transa-19010-e-Large-transaction-amounts-Mobile-Safari/test-failed-1.png]]

[[ATTACHMENT|transaction-history-Transa-19010-e-Large-transaction-amounts-Mobile-Safari/video.webm]]

[[ATTACHMENT|transaction-history-Transa-19010-e-Large-transaction-amounts-Mobile-Safari/error-context.md]]
]]>
</system-out>
</testcase>
<testcase name="Transaction History &amp; Tracking › @edge Failed/cancelled transactions" classname="transaction-history.spec.ts" time="6.922">
<failure message="transaction-history.spec.ts:522:7 @edge Failed/cancelled transactions" type="FAILURE">
<![CDATA[  [Mobile Safari] › transaction-history.spec.ts:522:7 › Transaction History & Tracking › @edge Failed/cancelled transactions 

    Error: Timed out 5000ms waiting for expect(locator).toBeVisible()

    Locator: locator('text=Failed')
    Expected: visible
    Received: <element(s) not found>
    Call log:
      - Expect "toBeVisible" with timeout 5000ms
      - waiting for locator('text=Failed')


      542 |     
      543 |     // Verify failed transaction display
    > 544 |     await expect(page.locator('text=Failed')).toBeVisible();
          |                                               ^
      545 |     await expect(page.locator('text=Insufficient funds')).toBeVisible();
      546 |     
      547 |     // Test retry functionality
        at /Users/gailad/Documents/Dev Projects/PacheduConnect/tests/e2e/transaction-history.spec.ts:544:47

    attachment #1: screenshot (image/png) ──────────────────────────────────────────────────────────
    ../../test-results/transaction-history-Transa-2ab61-iled-cancelled-transactions-Mobile-Safari/test-failed-1.png
    ────────────────────────────────────────────────────────────────────────────────────────────────

    attachment #2: video (video/webm) ──────────────────────────────────────────────────────────────
    ../../test-results/transaction-history-Transa-2ab61-iled-cancelled-transactions-Mobile-Safari/video.webm
    ────────────────────────────────────────────────────────────────────────────────────────────────

    Error Context: ../../test-results/transaction-history-Transa-2ab61-iled-cancelled-transactions-Mobile-Safari/error-context.md
]]>
</failure>
<system-out>
<![CDATA[
[[ATTACHMENT|transaction-history-Transa-2ab61-iled-cancelled-transactions-Mobile-Safari/test-failed-1.png]]

[[ATTACHMENT|transaction-history-Transa-2ab61-iled-cancelled-transactions-Mobile-Safari/video.webm]]

[[ATTACHMENT|transaction-history-Transa-2ab61-iled-cancelled-transactions-Mobile-Safari/error-context.md]]
]]>
</system-out>
</testcase>
<testcase name="Transaction History &amp; Tracking › @edge Corrupted data handling" classname="transaction-history.spec.ts" time="6.423">
<failure message="transaction-history.spec.ts:552:7 @edge Corrupted data handling" type="FAILURE">
<![CDATA[  [Mobile Safari] › transaction-history.spec.ts:552:7 › Transaction History & Tracking › @edge Corrupted data handling 

    Error: Timed out 5000ms waiting for expect(locator).toBeVisible()

    Locator: locator('text=Error loading transactions')
    Expected: visible
    Received: <element(s) not found>
    Call log:
      - Expect "toBeVisible" with timeout 5000ms
      - waiting for locator('text=Error loading transactions')


      563 |     
      564 |     // Verify error handling
    > 565 |     await expect(page.locator('text=Error loading transactions')).toBeVisible();
          |                                                                   ^
      566 |     await expect(page.locator('button:has-text("Retry")')).toBeVisible();
      567 |   });
      568 |
        at /Users/gailad/Documents/Dev Projects/PacheduConnect/tests/e2e/transaction-history.spec.ts:565:67

    attachment #1: screenshot (image/png) ──────────────────────────────────────────────────────────
    ../../test-results/transaction-history-Transa-f77b3-dge-Corrupted-data-handling-Mobile-Safari/test-failed-1.png
    ────────────────────────────────────────────────────────────────────────────────────────────────

    attachment #2: video (video/webm) ──────────────────────────────────────────────────────────────
    ../../test-results/transaction-history-Transa-f77b3-dge-Corrupted-data-handling-Mobile-Safari/video.webm
    ────────────────────────────────────────────────────────────────────────────────────────────────

    Error Context: ../../test-results/transaction-history-Transa-f77b3-dge-Corrupted-data-handling-Mobile-Safari/error-context.md
]]>
</failure>
<system-out>
<![CDATA[
[[ATTACHMENT|transaction-history-Transa-f77b3-dge-Corrupted-data-handling-Mobile-Safari/test-failed-1.png]]

[[ATTACHMENT|transaction-history-Transa-f77b3-dge-Corrupted-data-handling-Mobile-Safari/video.webm]]

[[ATTACHMENT|transaction-history-Transa-f77b3-dge-Corrupted-data-handling-Mobile-Safari/error-context.md]]
]]>
</system-out>
</testcase>
<testcase name="Transaction History &amp; Tracking › @mobile Mobile transaction list view" classname="transaction-history.spec.ts" time="6.465">
<failure message="transaction-history.spec.ts:570:7 @mobile Mobile transaction list view" type="FAILURE">
<![CDATA[  [Mobile Safari] › transaction-history.spec.ts:570:7 › Transaction History & Tracking › @mobile Mobile transaction list view 

    Error: Timed out 5000ms waiting for expect(locator).toBeVisible()

    Locator: locator('[data-testid="mobile-transaction-card"]')
    Expected: visible
    Received: <element(s) not found>
    Call log:
      - Expect "toBeVisible" with timeout 5000ms
      - waiting for locator('[data-testid="mobile-transaction-card"]')


      575 |     
      576 |     // Verify mobile-optimized layout
    > 577 |     await expect(page.locator('[data-testid="mobile-transaction-card"]')).toBeVisible();
          |                                                                           ^
      578 |     
      579 |     // Test mobile-specific interactions
      580 |     await page.click('[data-testid="mobile-transaction-card"]:first-child');
        at /Users/gailad/Documents/Dev Projects/PacheduConnect/tests/e2e/transaction-history.spec.ts:577:75

    attachment #1: screenshot (image/png) ──────────────────────────────────────────────────────────
    ../../test-results/transaction-history-Transa-762ad-obile-transaction-list-view-Mobile-Safari/test-failed-1.png
    ────────────────────────────────────────────────────────────────────────────────────────────────

    attachment #2: video (video/webm) ──────────────────────────────────────────────────────────────
    ../../test-results/transaction-history-Transa-762ad-obile-transaction-list-view-Mobile-Safari/video.webm
    ────────────────────────────────────────────────────────────────────────────────────────────────

    Error Context: ../../test-results/transaction-history-Transa-762ad-obile-transaction-list-view-Mobile-Safari/error-context.md
]]>
</failure>
<system-out>
<![CDATA[
[[ATTACHMENT|transaction-history-Transa-762ad-obile-transaction-list-view-Mobile-Safari/test-failed-1.png]]

[[ATTACHMENT|transaction-history-Transa-762ad-obile-transaction-list-view-Mobile-Safari/video.webm]]

[[ATTACHMENT|transaction-history-Transa-762ad-obile-transaction-list-view-Mobile-Safari/error-context.md]]
]]>
</system-out>
</testcase>
<testcase name="Transaction History &amp; Tracking › @mobile Mobile filters and search" classname="transaction-history.spec.ts" time="30.156">
<failure message="transaction-history.spec.ts:588:7 @mobile Mobile filters and search" type="FAILURE">
<![CDATA[  [Mobile Safari] › transaction-history.spec.ts:588:7 › Transaction History & Tracking › @mobile Mobile filters and search 

    Test timeout of 30000ms exceeded.

    Error: page.click: Test timeout of 30000ms exceeded.
    Call log:
      - waiting for locator('button[aria-label="Open filters"]')


      592 |     
      593 |     // Open mobile filter menu
    > 594 |     await page.click('button[aria-label="Open filters"]');
          |                ^
      595 |     
      596 |     // Verify mobile filter interface
      597 |     await expect(page.locator('[data-testid="mobile-filters"]')).toBeVisible();
        at /Users/gailad/Documents/Dev Projects/PacheduConnect/tests/e2e/transaction-history.spec.ts:594:16

    attachment #1: screenshot (image/png) ──────────────────────────────────────────────────────────
    ../../test-results/transaction-history-Transa-729b7-e-Mobile-filters-and-search-Mobile-Safari/test-failed-1.png
    ────────────────────────────────────────────────────────────────────────────────────────────────

    attachment #2: video (video/webm) ──────────────────────────────────────────────────────────────
    ../../test-results/transaction-history-Transa-729b7-e-Mobile-filters-and-search-Mobile-Safari/video.webm
    ────────────────────────────────────────────────────────────────────────────────────────────────

    Error Context: ../../test-results/transaction-history-Transa-729b7-e-Mobile-filters-and-search-Mobile-Safari/error-context.md
]]>
</failure>
<system-out>
<![CDATA[
[[ATTACHMENT|transaction-history-Transa-729b7-e-Mobile-filters-and-search-Mobile-Safari/test-failed-1.png]]

[[ATTACHMENT|transaction-history-Transa-729b7-e-Mobile-filters-and-search-Mobile-Safari/video.webm]]

[[ATTACHMENT|transaction-history-Transa-729b7-e-Mobile-filters-and-search-Mobile-Safari/error-context.md]]
]]>
</system-out>
</testcase>
<testcase name="Transaction History &amp; Tracking › @mobile Mobile bulk actions" classname="transaction-history.spec.ts" time="30.136">
<failure message="transaction-history.spec.ts:609:7 @mobile Mobile bulk actions" type="FAILURE">
<![CDATA[  [Mobile Safari] › transaction-history.spec.ts:609:7 › Transaction History & Tracking › @mobile Mobile bulk actions 

    Test timeout of 30000ms exceeded.

    Error: page.click: Test timeout of 30000ms exceeded.
    Call log:
      - waiting for locator('[data-testid="mobile-transaction-card"]:first-child')


      613 |     
      614 |     // Long press to select (mobile gesture)
    > 615 |     await page.click('[data-testid="mobile-transaction-card"]:first-child', { button: 'right' });
          |                ^
      616 |     await expect(page.locator('[data-testid="mobile-selection-mode"]')).toBeVisible();
      617 |     
      618 |     // Select multiple items
        at /Users/gailad/Documents/Dev Projects/PacheduConnect/tests/e2e/transaction-history.spec.ts:615:16

    attachment #1: screenshot (image/png) ──────────────────────────────────────────────────────────
    ../../test-results/transaction-history-Transa-e69f3--mobile-Mobile-bulk-actions-Mobile-Safari/test-failed-1.png
    ────────────────────────────────────────────────────────────────────────────────────────────────

    attachment #2: video (video/webm) ──────────────────────────────────────────────────────────────
    ../../test-results/transaction-history-Transa-e69f3--mobile-Mobile-bulk-actions-Mobile-Safari/video.webm
    ────────────────────────────────────────────────────────────────────────────────────────────────

    Error Context: ../../test-results/transaction-history-Transa-e69f3--mobile-Mobile-bulk-actions-Mobile-Safari/error-context.md
]]>
</failure>
<system-out>
<![CDATA[
[[ATTACHMENT|transaction-history-Transa-e69f3--mobile-Mobile-bulk-actions-Mobile-Safari/test-failed-1.png]]

[[ATTACHMENT|transaction-history-Transa-e69f3--mobile-Mobile-bulk-actions-Mobile-Safari/video.webm]]

[[ATTACHMENT|transaction-history-Transa-e69f3--mobile-Mobile-bulk-actions-Mobile-Safari/error-context.md]]
]]>
</system-out>
</testcase>
<testcase name="Transaction History &amp; Tracking › @mobile Mobile dispute flow" classname="transaction-history.spec.ts" time="30.123">
<failure message="transaction-history.spec.ts:628:7 @mobile Mobile dispute flow" type="FAILURE">
<![CDATA[  [Mobile Safari] › transaction-history.spec.ts:628:7 › Transaction History & Tracking › @mobile Mobile dispute flow 

    Test timeout of 30000ms exceeded.

    Error: page.click: Test timeout of 30000ms exceeded.
    Call log:
      - waiting for locator('[data-testid="mobile-transaction-card"]:first-child')


      630 |     
      631 |     await page.goto('/transactions');
    > 632 |     await page.click('[data-testid="mobile-transaction-card"]:first-child');
          |                ^
      633 |     
      634 |     // Open mobile dispute form
      635 |     await page.click('button:has-text("Report Issue")');
        at /Users/gailad/Documents/Dev Projects/PacheduConnect/tests/e2e/transaction-history.spec.ts:632:16

    attachment #1: screenshot (image/png) ──────────────────────────────────────────────────────────
    ../../test-results/transaction-history-Transa-19a14--mobile-Mobile-dispute-flow-Mobile-Safari/test-failed-1.png
    ────────────────────────────────────────────────────────────────────────────────────────────────

    attachment #2: video (video/webm) ──────────────────────────────────────────────────────────────
    ../../test-results/transaction-history-Transa-19a14--mobile-Mobile-dispute-flow-Mobile-Safari/video.webm
    ────────────────────────────────────────────────────────────────────────────────────────────────

    Error Context: ../../test-results/transaction-history-Transa-19a14--mobile-Mobile-dispute-flow-Mobile-Safari/error-context.md
]]>
</failure>
<system-out>
<![CDATA[
[[ATTACHMENT|transaction-history-Transa-19a14--mobile-Mobile-dispute-flow-Mobile-Safari/test-failed-1.png]]

[[ATTACHMENT|transaction-history-Transa-19a14--mobile-Mobile-dispute-flow-Mobile-Safari/video.webm]]

[[ATTACHMENT|transaction-history-Transa-19a14--mobile-Mobile-dispute-flow-Mobile-Safari/error-context.md]]
]]>
</system-out>
</testcase>
<testcase name="Transaction History &amp; Tracking › @mobile Mobile accessibility" classname="transaction-history.spec.ts" time="6.63">
<failure message="transaction-history.spec.ts:651:7 @mobile Mobile accessibility" type="FAILURE">
<![CDATA[  [Mobile Safari] › transaction-history.spec.ts:651:7 › Transaction History & Tracking › @mobile Mobile accessibility 

    Error: Timed out 5000ms waiting for expect(locator).toBeVisible()

    Locator: locator('[aria-label*="transaction"]')
    Expected: visible
    Received: <element(s) not found>
    Call log:
      - Expect "toBeVisible" with timeout 5000ms
      - waiting for locator('[aria-label*="transaction"]')


      655 |     
      656 |     // Test mobile screen reader compatibility
    > 657 |     await expect(page.locator('[aria-label*="transaction"]')).toBeVisible();
          |                                                               ^
      658 |     
      659 |     // Test mobile keyboard navigation
      660 |     await page.keyboard.press('Tab');
        at /Users/gailad/Documents/Dev Projects/PacheduConnect/tests/e2e/transaction-history.spec.ts:657:63

    attachment #1: screenshot (image/png) ──────────────────────────────────────────────────────────
    ../../test-results/transaction-history-Transa-5f924-mobile-Mobile-accessibility-Mobile-Safari/test-failed-1.png
    ────────────────────────────────────────────────────────────────────────────────────────────────

    attachment #2: video (video/webm) ──────────────────────────────────────────────────────────────
    ../../test-results/transaction-history-Transa-5f924-mobile-Mobile-accessibility-Mobile-Safari/video.webm
    ────────────────────────────────────────────────────────────────────────────────────────────────

    Error Context: ../../test-results/transaction-history-Transa-5f924-mobile-Mobile-accessibility-Mobile-Safari/error-context.md
]]>
</failure>
<system-out>
<![CDATA[
[[ATTACHMENT|transaction-history-Transa-5f924-mobile-Mobile-accessibility-Mobile-Safari/test-failed-1.png]]

[[ATTACHMENT|transaction-history-Transa-5f924-mobile-Mobile-accessibility-Mobile-Safari/video.webm]]

[[ATTACHMENT|transaction-history-Transa-5f924-mobile-Mobile-accessibility-Mobile-Safari/error-context.md]]
]]>
</system-out>
</testcase>
</testsuite>
</testsuites>